<?xml version="1.0" encoding="UTF-8"?>
<testsuites name="jest tests" tests="2494" failures="0" errors="0" time="6.32">
  <testsuite name="extractor-s" errors="0" failures="0" skipped="0" timestamp="2024-11-14T11:48:25" time="0.886" tests="20">
    <testcase classname="extractor-s should return dim field values based on default field accessor" name="extractor-s should return dim field values based on default field accessor" time="0.007">
    </testcase>
    <testcase classname="extractor-s should return measure field values based on default field accessor" name="extractor-s should return measure field values based on default field accessor" time="0">
    </testcase>
    <testcase classname="extractor-s should return joined set when array of fields is used" name="extractor-s should return joined set when array of fields is used" time="0.002">
    </testcase>
    <testcase classname="extractor-s should return raw field values" name="extractor-s should return raw field values" time="0">
    </testcase>
    <testcase classname="extractor-s should return mapped properties from same field" name="extractor-s should return mapped properties from same field" time="0">
    </testcase>
    <testcase classname="extractor-s should return primitive values" name="extractor-s should return primitive values" time="0.001">
    </testcase>
    <testcase classname="extractor-s should return mapped properties from other fields" name="extractor-s should return mapped properties from other fields" time="0">
    </testcase>
    <testcase classname="extractor-s should return collected values" name="extractor-s should return collected values" time="0.001">
    </testcase>
    <testcase classname="extractor-s should return reduced values" name="extractor-s should return reduced values" time="0.001">
    </testcase>
    <testcase classname="extractor-s should return reduced values from multiple fields when tracking" name="extractor-s should return reduced values from multiple fields when tracking" time="0.001">
    </testcase>
    <testcase classname="extractor-s should return reduced values from multiple fields without tracking" name="extractor-s should return reduced values from multiple fields without tracking" time="0.001">
    </testcase>
    <testcase classname="extractor-s should return filtered main values" name="extractor-s should return filtered main values" time="0">
    </testcase>
    <testcase classname="extractor-s getFieldAccessor should return -1 when field is falsy" name="extractor-s getFieldAccessor should return -1 when field is falsy" time="0">
    </testcase>
    <testcase classname="extractor-s getFieldAccessor should return -1 if field is out of bounds" name="extractor-s getFieldAccessor should return -1 if field is out of bounds" time="0">
    </testcase>
    <testcase classname="extractor-s getFieldAccessor should return a field accessor for the second column" name="extractor-s getFieldAccessor should return a field accessor for the second column" time="0">
    </testcase>
    <testcase classname="extractor-s getFieldAccessor should return a field accessor for an attribute dimension" name="extractor-s getFieldAccessor should return a field accessor for an attribute dimension" time="0.001">
    </testcase>
    <testcase classname="extractor-s getFieldAccessor should return a field accessor for an attribute expression" name="extractor-s getFieldAccessor should return a field accessor for an attribute expression" time="0">
    </testcase>
    <testcase classname="extractor-s getFieldAccessor should return origin field accessor for virtual field" name="extractor-s getFieldAccessor should return origin field accessor for virtual field" time="0">
    </testcase>
    <testcase classname="extractor-s getFieldAccessor should return correct index when object has one dimension and five measures, and column order is irregular" name="extractor-s getFieldAccessor should return correct index when object has one dimension and five measures, and column order is irregular" time="0">
    </testcase>
    <testcase classname="extractor-s getFieldAccessor should return correct index when object has two dimensions and one measure, qLeft is 1, and column order is empty" name="extractor-s getFieldAccessor should return correct index when object has two dimensions and one measure, qLeft is 1, and column order is empty" time="0">
    </testcase>
  </testsuite>
  <testsuite name="pie" errors="0" failures="0" skipped="0" timestamp="2024-11-14T11:48:25" time="1.258" tests="10">
    <testcase classname="pie should render slices with default settings" name="pie should render slices with default settings" time="0.008">
    </testcase>
    <testcase classname="pie should set share metadata" name="pie should set share metadata" time="0.001">
    </testcase>
    <testcase classname="pie should filter negative and NaN values" name="pie should filter negative and NaN values" time="0.001">
    </testcase>
    <testcase classname="pie should filter out outerRadius &lt;= innerRadius" name="pie should filter out outerRadius &lt;= innerRadius" time="0.001">
    </testcase>
    <testcase classname="pie arcValue should default to data.value" name="pie arcValue should default to data.value" time="0">
    </testcase>
    <testcase classname="pie arcValue should prioritize .arc" name="pie arcValue should prioritize .arc" time="0.001">
    </testcase>
    <testcase classname="pie configured slices should render with configured settings" name="pie configured slices should render with configured settings" time="0">
    </testcase>
    <testcase classname="pie configured slices should render first slice" name="pie configured slices should render first slice" time="0">
    </testcase>
    <testcase classname="pie configured slices should render second slice" name="pie configured slices should render second slice" time="0">
    </testcase>
    <testcase classname="pie configured slices should render third slice" name="pie configured slices should render third slice" time="0.001">
    </testcase>
  </testsuite>
  <testsuite name="Component" errors="0" failures="0" skipped="0" timestamp="2024-11-14T11:48:25" time="1.271" tests="33">
    <testcase classname="Component require should be able to require symbol factory" name="Component require should be able to require symbol factory" time="0.007">
    </testcase>
    <testcase classname="Component should forward rendererSettings if renderer has settings func" name="Component should forward rendererSettings if renderer has settings func" time="0.002">
    </testcase>
    <testcase classname="Component should call lifecycle methods with correct context when rendering" name="Component should call lifecycle methods with correct context when rendering" time="0.001">
    </testcase>
    <testcase classname="Component should call lifecycle methods with correct context when updating" name="Component should call lifecycle methods with correct context when updating" time="0">
    </testcase>
    <testcase classname="Component should update brushArgs.config on set" name="Component should update brushArgs.config on set" time="0.003">
    </testcase>
    <testcase classname="Component should update data correctly if there is no progressive" name="Component should update data correctly if there is no progressive" time="0.001">
    </testcase>
    <testcase classname="Component should update data correctly if progressive = false" name="Component should update data correctly if progressive = false" time="0.001">
    </testcase>
    <testcase classname="Component should update data correctly if progressive.isFirst = true and no data.items" name="Component should update data correctly if progressive.isFirst = true and no data.items" time="0.001">
    </testcase>
    <testcase classname="Component should update data correctly if progressive.isFirst = true and has data.items" name="Component should update data correctly if progressive.isFirst = true and has data.items" time="0.001">
    </testcase>
    <testcase classname="Component should update data correctly during progressive" name="Component should update data correctly during progressive" time="0.001">
    </testcase>
    <testcase classname="Component should update renderArgs correctly on the first progressive" name="Component should update renderArgs correctly on the first progressive" time="0.001">
    </testcase>
    <testcase classname="Component should update renderArgs correctly during progressive" name="Component should update renderArgs correctly during progressive" time="0.001">
    </testcase>
    <testcase classname="Component should update brushArgs.nodes correctly if progressive is falsy" name="Component should update brushArgs.nodes correctly if progressive is falsy" time="0">
    </testcase>
    <testcase classname="Component should update brushArgs.nodes correctly if progressive.isFirst = true" name="Component should update brushArgs.nodes correctly if progressive.isFirst = true" time="0.001">
    </testcase>
    <testcase classname="Component should update brushArgs.nodes correctly if progressive.isFirst = true" name="Component should update brushArgs.nodes correctly if progressive.isFirst = true" time="0.001">
    </testcase>
    <testcase classname="Component emits should have an empty emit function when rendering" name="Component emits should have an empty emit function when rendering" time="0">
    </testcase>
    <testcase classname="Component emits should have an empty emit function when updating" name="Component emits should have an empty emit function when updating" time="0">
    </testcase>
    <testcase classname="Component emits should have an empty emit function when destroying" name="Component emits should have an empty emit function when destroying" time="0.001">
    </testcase>
    <testcase classname="Component visibility should return false for isVisible() when initialising" name="Component visibility should return false for isVisible() when initialising" time="0">
    </testcase>
    <testcase classname="Component visibility should return true for isVisible() when mounting" name="Component visibility should return true for isVisible() when mounting" time="0">
    </testcase>
    <testcase classname="Component visibility should return false for isVisible() when unmounting" name="Component visibility should return false for isVisible() when unmounting" time="0.001">
    </testcase>
    <testcase classname="Component update should call renderers render func without args when applying transformation" name="Component update should call renderers render func without args when applying transformation" time="0">
    </testcase>
    <testcase classname="Component update should run tween when animations are enabled" name="Component update should run tween when animations are enabled" time="0.001">
    </testcase>
    <testcase classname="Component update should not run tween when animations are disabled, case 1: enabled is not a function" name="Component update should not run tween when animations are disabled, case 1: enabled is not a function" time="0">
    </testcase>
    <testcase classname="Component update should not run tween when animations are disabled, case 2: enabled is a function" name="Component update should not run tween when animations are disabled, case 2: enabled is a function" time="0.001">
    </testcase>
    <testcase classname="Component findShapes should return matching shapes" name="Component findShapes should return matching shapes" time="0">
    </testcase>
    <testcase classname="Component shapesAt should return matching shapes" name="Component shapesAt should return matching shapes" time="0.001">
    </testcase>
    <testcase classname="Component shapesAt propagation option should return last shape" name="Component shapesAt propagation option should return last shape" time="0">
    </testcase>
    <testcase classname="Component unmount should remove event listeners from instance context" name="Component unmount should remove event listeners from instance context" time="0.001">
    </testcase>
    <testcase classname="Component getBrushedShapes should only return shapes within the same context" name="Component getBrushedShapes should only return shapes within the same context" time="0.001">
    </testcase>
    <testcase classname="Component getBrushedShapes should not return duplicate shapes" name="Component getBrushedShapes should not return duplicate shapes" time="0">
    </testcase>
    <testcase classname="Component getBrushedShapes should use data props parameter if submitted" name="Component getBrushedShapes should use data props parameter if submitted" time="0.001">
    </testcase>
    <testcase classname="Component getBrushedShapes should fallback to brush data property if data props parameter is omitted" name="Component getBrushedShapes should fallback to brush data property if data props parameter is omitted" time="0.001">
    </testcase>
  </testsuite>
  <testsuite name="point component" errors="0" failures="0" skipped="0" timestamp="2024-11-14T11:48:25" time="1.274" tests="15">
    <testcase classname="point component should render points with default settings" name="point component should render points with default settings" time="0.008">
    </testcase>
    <testcase classname="point component should render points with default settings when settings properties are invalid" name="point component should render points with default settings when settings properties are invalid" time="0.001">
    </testcase>
    <testcase classname="point component should render points with primitive value settings" name="point component should render points with primitive value settings" time="0.001">
    </testcase>
    <testcase classname="point component should render points with function settings" name="point component should render points with function settings" time="0.001">
    </testcase>
    <testcase classname="point component should render points with data settings" name="point component should render points with data settings" time="0.001">
    </testcase>
    <testcase classname="point component should render points with function settings and size has px format" name="point component should render points with function settings and size has px format" time="0.001">
    </testcase>
    <testcase classname="point component should render points with data settings and size has px format" name="point component should render points with data settings and size has px format" time="0.001">
    </testcase>
    <testcase classname="point component should render points with limited size when using discrete scale" name="point component should render points with limited size when using discrete scale" time="0">
    </testcase>
    <testcase classname="point component should not render points with show as false" name="point component should not render points with show as false" time="0.001">
    </testcase>
    <testcase classname="point component should not render points with show function return false" name="point component should not render points with show function return false" time="0">
    </testcase>
    <testcase classname="point component should render visible points with data settings" name="point component should render visible points with data settings" time="0.001">
    </testcase>
    <testcase classname="point component should render points with custom shape" name="point component should render points with custom shape" time="0">
    </testcase>
    <testcase classname="point component should render points with custom shape when type prop is missing" name="point component should render points with custom shape when type prop is missing" time="0.001">
    </testcase>
    <testcase classname="point component should render points with default type when shape is an object" name="point component should render points with default type when shape is an object" time="0">
    </testcase>
    <testcase classname="point component should not be able to override base point properties with custom shape" name="point component should not be able to override base point properties with custom shape" time="0.001">
    </testcase>
  </testsuite>
  <testsuite name="Colors" errors="0" failures="0" skipped="0" timestamp="2024-11-14T11:48:25" time="1.28" tests="71">
    <testcase classname="Colors HSL should handle hsl values" name="Colors HSL should handle hsl values" time="0.007">
    </testcase>
    <testcase classname="Colors HSL should handle hsla values" name="Colors HSL should handle hsla values" time="0.001">
    </testcase>
    <testcase classname="Colors HSL should normalize angle values" name="Colors HSL should normalize angle values" time="0">
    </testcase>
    <testcase classname="Colors HSL should clip percentage values" name="Colors HSL should clip percentage values" time="0">
    </testcase>
    <testcase classname="Colors HSL should clip negative percentage values" name="Colors HSL should clip negative percentage values" time="0.001">
    </testcase>
    <testcase classname="Colors HSL should clip alpha value" name="Colors HSL should clip alpha value" time="0">
    </testcase>
    <testcase classname="Colors HSL should allow decimal values and round to nearest integer" name="Colors HSL should allow decimal values and round to nearest integer" time="0">
    </testcase>
    <testcase classname="Colors HSL should not allow saturation and lightness values without a percentage character" name="Colors HSL should not allow saturation and lightness values without a percentage character" time="0">
    </testcase>
    <testcase classname="Colors HSL should use percentage in string output" name="Colors HSL should use percentage in string output" time="0">
    </testcase>
    <testcase classname="Colors HSL should not allow non-digit characters" name="Colors HSL should not allow non-digit characters" time="0.001">
    </testcase>
    <testcase classname="Colors HSL should handle whitespace" name="Colors HSL should handle whitespace" time="0">
    </testcase>
    <testcase classname="Colors RGB should handle rgb numerical values" name="Colors RGB should handle rgb numerical values" time="0">
    </testcase>
    <testcase classname="Colors RGB should handle rgba numerical values" name="Colors RGB should handle rgba numerical values" time="0">
    </testcase>
    <testcase classname="Colors RGB should handle rgb percentage values" name="Colors RGB should handle rgb percentage values" time="0">
    </testcase>
    <testcase classname="Colors RGB should handle rgba percentage values" name="Colors RGB should handle rgba percentage values" time="0">
    </testcase>
    <testcase classname="Colors RGB should clip numerical values" name="Colors RGB should clip numerical values" time="0">
    </testcase>
    <testcase classname="Colors RGB should clip negative numerical values" name="Colors RGB should clip negative numerical values" time="0">
    </testcase>
    <testcase classname="Colors RGB should clip percentage values" name="Colors RGB should clip percentage values" time="0">
    </testcase>
    <testcase classname="Colors RGB should clip alpha value" name="Colors RGB should clip alpha value" time="0">
    </testcase>
    <testcase classname="Colors RGB should handle numerical boundry values" name="Colors RGB should handle numerical boundry values" time="0">
    </testcase>
    <testcase classname="Colors RGB should handle percentage boundry values" name="Colors RGB should handle percentage boundry values" time="0.001">
    </testcase>
    <testcase classname="Colors RGB should handle whitespace" name="Colors RGB should handle whitespace" time="0">
    </testcase>
    <testcase classname="Colors RGB should clip negative alpha values" name="Colors RGB should clip negative alpha values" time="0">
    </testcase>
    <testcase classname="Colors RGB should not allow non-digit characters" name="Colors RGB should not allow non-digit characters" time="0">
    </testcase>
    <testcase classname="Colors RGB should not allow mixing numerial and percentage values" name="Colors RGB should not allow mixing numerial and percentage values" time="0">
    </testcase>
    <testcase classname="Colors RGB should not allow decimal values" name="Colors RGB should not allow decimal values" time="0">
    </testcase>
    <testcase classname="Colors Hex should handle six digit hex values" name="Colors Hex should handle six digit hex values" time="0">
    </testcase>
    <testcase classname="Colors Hex should handle three digit hex values" name="Colors Hex should handle three digit hex values" time="0">
    </testcase>
    <testcase classname="Colors Hex should handle white space before and after three digit hex values" name="Colors Hex should handle white space before and after three digit hex values" time="0">
    </testcase>
    <testcase classname="Colors Hex should handle white space before and after six digit hex values" name="Colors Hex should handle white space before and after six digit hex values" time="0">
    </testcase>
    <testcase classname="Colors Hex should not match six digit hex values without #" name="Colors Hex should not match six digit hex values without #" time="0">
    </testcase>
    <testcase classname="Colors Hex should not match three digit hex values without #" name="Colors Hex should not match three digit hex values without #" time="0">
    </testcase>
    <testcase classname="Colors Hex should not allow six digit hex values outside of boundry" name="Colors Hex should not allow six digit hex values outside of boundry" time="0">
    </testcase>
    <testcase classname="Colors Hex should only allow six or three digit hex values" name="Colors Hex should only allow six or three digit hex values" time="0">
    </testcase>
    <testcase classname="Colors Key words should handle key words" name="Colors Key words should handle key words" time="0">
    </testcase>
    <testcase classname="Colors Key words should handle key words" name="Colors Key words should handle key words" time="0">
    </testcase>
    <testcase classname="Colors Key words should handle extended key words" name="Colors Key words should handle extended key words" time="0">
    </testcase>
    <testcase classname="Colors Key words should handle white space before and after key words" name="Colors Key words should handle white space before and after key words" time="0">
    </testcase>
    <testcase classname="Colors Key words should handle case in key words" name="Colors Key words should handle case in key words" time="0">
    </testcase>
    <testcase classname="Colors Input handling should handle null" name="Colors Input handling should handle null" time="0">
    </testcase>
    <testcase classname="Colors Input handling should handle undefined" name="Colors Input handling should handle undefined" time="0">
    </testcase>
    <testcase classname="Colors Input handling should handle empty string value" name="Colors Input handling should handle empty string value" time="0">
    </testcase>
    <testcase classname="Colors Input handling should handle empty value" name="Colors Input handling should handle empty value" time="0">
    </testcase>
    <testcase classname="Colors RGBA color should convert RGB to HSL" name="Colors RGBA color should convert RGB to HSL" time="0">
    </testcase>
    <testcase classname="Colors Conversions from RGBA should convert RGB to HSL" name="Colors Conversions from RGBA should convert RGB to HSL" time="0">
    </testcase>
    <testcase classname="Colors Conversions from RGBA should convert RGBA to HSLA" name="Colors Conversions from RGBA should convert RGBA to HSLA" time="0">
    </testcase>
    <testcase classname="Colors Conversions from RGBA should convert RGBA to RGB" name="Colors Conversions from RGBA should convert RGBA to RGB" time="0">
    </testcase>
    <testcase classname="Colors Conversions from RGBA should convert RGBA to RGBA" name="Colors Conversions from RGBA should convert RGBA to RGBA" time="0">
    </testcase>
    <testcase classname="Colors Conversions from RGBA should convert RGB to HEX" name="Colors Conversions from RGBA should convert RGB to HEX" time="0">
    </testcase>
    <testcase classname="Colors Conversions from RGBA should convert RGBA to number" name="Colors Conversions from RGBA should convert RGBA to number" time="0">
    </testcase>
    <testcase classname="Colors Conversions from RGBA should convert RGBA to string" name="Colors Conversions from RGBA should convert RGBA to string" time="0">
    </testcase>
    <testcase classname="Colors Conversions from RGBA should compare 2 RGBA colors, return true" name="Colors Conversions from RGBA should compare 2 RGBA colors, return true" time="0.001">
    </testcase>
    <testcase classname="Colors Conversions from RGBA should compare 2 RGBA colors, return false" name="Colors Conversions from RGBA should compare 2 RGBA colors, return false" time="0">
    </testcase>
    <testcase classname="Colors Conversions from HSLA should convert HSL to RGB" name="Colors Conversions from HSLA should convert HSL to RGB" time="0">
    </testcase>
    <testcase classname="Colors Conversions from HSLA should convert HSLA to RGBA" name="Colors Conversions from HSLA should convert HSLA to RGBA" time="0">
    </testcase>
    <testcase classname="Colors Conversions from HSLA should convert HSLA to HSL" name="Colors Conversions from HSLA should convert HSLA to HSL" time="0">
    </testcase>
    <testcase classname="Colors Conversions from HSLA should convert HSLA to HSLA" name="Colors Conversions from HSLA should convert HSLA to HSLA" time="0">
    </testcase>
    <testcase classname="Colors Conversions from HSLA should convert HSL to HEX" name="Colors Conversions from HSLA should convert HSL to HEX" time="0">
    </testcase>
    <testcase classname="Colors Conversions from HSLA should convert HSL to 24 bit number" name="Colors Conversions from HSLA should convert HSL to 24 bit number" time="0">
    </testcase>
    <testcase classname="Colors Conversions from HSLA should convert HSLA to string" name="Colors Conversions from HSLA should convert HSLA to string" time="0">
    </testcase>
    <testcase classname="Colors Conversions from HSLA should compare 2 HSLA colors, return true" name="Colors Conversions from HSLA should compare 2 HSLA colors, return true" time="0">
    </testcase>
    <testcase classname="Colors Conversions from HSLA should compare 2 HSLA colors, return false" name="Colors Conversions from HSLA should compare 2 HSLA colors, return false" time="0">
    </testcase>
    <testcase classname="Colors Color luminance should calculate luminance of RGBA color" name="Colors Color luminance should calculate luminance of RGBA color" time="0">
    </testcase>
    <testcase classname="Colors Color luminance should calculate luminance of HSLA color" name="Colors Color luminance should calculate luminance of HSLA color" time="0">
    </testcase>
    <testcase classname="Colors Color luminance should calculate if the color is dark" name="Colors Color luminance should calculate if the color is dark" time="0.001">
    </testcase>
    <testcase classname="Colors Color utils should calculate contrast of two RGBA colors" name="Colors Color utils should calculate contrast of two RGBA colors" time="0">
    </testcase>
    <testcase classname="Colors Color utils should calculate contrast of two HSLA colors" name="Colors Color utils should calculate contrast of two HSLA colors" time="0">
    </testcase>
    <testcase classname="Colors Color utils should calculate contrast between RGB and HSL colors" name="Colors Color utils should calculate contrast between RGB and HSL colors" time="0">
    </testcase>
    <testcase classname="Colors Color utils should generate a linear gradient css string from a scale object" name="Colors Color utils should generate a linear gradient css string from a scale object" time="0.001">
    </testcase>
    <testcase classname="Colors Color utils should generate a linear gradient css string from an array of color objects" name="Colors Color utils should generate a linear gradient css string from an array of color objects" time="0">
    </testcase>
    <testcase classname="Colors Color utils should generate a linear gradient css string from an array of color strings" name="Colors Color utils should generate a linear gradient css string from an array of color strings" time="0">
    </testcase>
  </testsuite>
  <testsuite name="reference lines" errors="0" failures="0" skipped="0" timestamp="2024-11-14T11:48:25" time="1.279" tests="16">
    <testcase classname="reference lines should not render lines with default settings and no scales" name="reference lines should not render lines with default settings and no scales" time="0.008">
    </testcase>
    <testcase classname="reference lines should not render lines without value" name="reference lines should not render lines without value" time="0.002">
    </testcase>
    <testcase classname="reference lines should not render lines if value function returns undefined" name="reference lines should not render lines if value function returns undefined" time="0.001">
    </testcase>
    <testcase classname="reference lines should render basic line with RTL label on X with scale" name="reference lines should render basic line with RTL label on X with scale" time="0.002">
    </testcase>
    <testcase classname="reference lines should support value as a function" name="reference lines should support value as a function" time="0.001">
    </testcase>
    <testcase classname="reference lines should render basic line with label on Y without scale" name="reference lines should render basic line with label on Y without scale" time="0.001">
    </testcase>
    <testcase classname="reference lines should render slope line with positive slope and no label on Y scale" name="reference lines should render slope line with positive slope and no label on Y scale" time="0.001">
    </testcase>
    <testcase classname="reference lines should render slope line with positive slope and label on Y scale" name="reference lines should render slope line with positive slope and label on Y scale" time="0.001">
    </testcase>
    <testcase classname="reference lines should render slope line with negative slope label on Y" name="reference lines should render slope line with negative slope label on Y" time="0.001">
    </testcase>
    <testcase classname="reference lines should render slope line with rect for colored background on Y scale" name="reference lines should render slope line with rect for colored background on Y scale" time="0.001">
    </testcase>
    <testcase classname="reference lines should not render slope line if oob, instead render oob circle" name="reference lines should not render slope line if oob, instead render oob circle" time="0.001">
    </testcase>
    <testcase classname="reference lines vAlign 0, align 1, default values and different text test" name="reference lines vAlign 0, align 1, default values and different text test" time="0">
    </testcase>
    <testcase classname="reference lines should bind data for oob values" name="reference lines should bind data for oob values" time="0.001">
    </testcase>
    <testcase classname="reference lines should bind data for oob values without a label" name="reference lines should bind data for oob values without a label" time="0">
    </testcase>
    <testcase classname="reference lines should bind data for oob values when scale.min = scale.max and scale is not invert" name="reference lines should bind data for oob values when scale.min = scale.max and scale is not invert" time="0.001">
    </testcase>
    <testcase classname="reference lines should bind data for oob values when scale.min = scale.max and scale is invert" name="reference lines should bind data for oob values when scale.min = scale.max and scale is invert" time="0">
    </testcase>
  </testsuite>
  <testsuite name="box component" errors="0" failures="0" skipped="0" timestamp="2024-11-14T11:48:25" time="1.282" tests="7">
    <testcase classname="box component should not render boxes with default settings" name="box component should not render boxes with default settings" time="0.01">
    </testcase>
    <testcase classname="box component should render a single basic box with minor custom settings" name="box component should render a single basic box with minor custom settings" time="0.004">
    </testcase>
    <testcase classname="box component should render a out of bounds marker" name="box component should render a out of bounds marker" time="0.003">
    </testcase>
    <testcase classname="box component should accept only end variable and draw a simple bar chart" name="box component should accept only end variable and draw a simple bar chart" time="0.001">
    </testcase>
    <testcase classname="box component should accept start and end variable to draw a gantt chart" name="box component should accept start and end variable to draw a gantt chart" time="0.002">
    </testcase>
    <testcase classname="box component should accept start, end, min and max values, without whiskers" name="box component should accept start, end, min and max values, without whiskers" time="0.002">
    </testcase>
    <testcase classname="box component should not have the squeeze bug" name="box component should not have the squeeze bug" time="0.001">
    </testcase>
  </testsuite>
  <testsuite name="Brush Area Directional" errors="0" failures="0" skipped="0" timestamp="2024-11-14T11:48:25" time="1.335" tests="10">
    <testcase classname="Brush Area Directional should renderer horizontal left edge node correctly" name="Brush Area Directional should renderer horizontal left edge node correctly" time="0.012">
    </testcase>
    <testcase classname="Brush Area Directional should renderer horizontal right edge node correctly" name="Brush Area Directional should renderer horizontal right edge node correctly" time="0.001">
    </testcase>
    <testcase classname="Brush Area Directional should renderer horizontal left bubble node correctly" name="Brush Area Directional should renderer horizontal left bubble node correctly" time="0.001">
    </testcase>
    <testcase classname="Brush Area Directional should renderer horizontal right bubble node correctly" name="Brush Area Directional should renderer horizontal right bubble node correctly" time="0">
    </testcase>
    <testcase classname="Brush Area Directional should renderer horizontal negative active drag left edge node" name="Brush Area Directional should renderer horizontal negative active drag left edge node" time="0.002">
    </testcase>
    <testcase classname="Brush Area Directional should renderer horizontal negative active drag right edge node" name="Brush Area Directional should renderer horizontal negative active drag right edge node" time="0.001">
    </testcase>
    <testcase classname="Brush Area Directional should renderer vertical top edge node correctly" name="Brush Area Directional should renderer vertical top edge node correctly" time="0.001">
    </testcase>
    <testcase classname="Brush Area Directional should renderer vertical bottom edge node correctly" name="Brush Area Directional should renderer vertical bottom edge node correctly" time="0.001">
    </testcase>
    <testcase classname="Brush Area Directional should renderer vertical top bubble node correctly" name="Brush Area Directional should renderer vertical top bubble node correctly" time="0.001">
    </testcase>
    <testcase classname="Brush Area Directional should renderer vertical bottom bubble node correctly" name="Brush Area Directional should renderer vertical bottom bubble node correctly" time="0.001">
    </testcase>
  </testsuite>
  <testsuite name="Path" errors="0" failures="0" skipped="0" timestamp="2024-11-14T11:48:25" time="1.34" tests="36">
    <testcase classname="Path Constructor should instantiate a new Path" name="Path Constructor should instantiate a new Path" time="0.008">
    </testcase>
    <testcase classname="Path Constructor should accept arguments - case 1: svg path" name="Path Constructor should accept arguments - case 1: svg path" time="0">
    </testcase>
    <testcase classname="Path Constructor should accept arguments - case 2: pie arc datum" name="Path Constructor should accept arguments - case 2: pie arc datum" time="0.001">
    </testcase>
    <testcase classname="Path Constructor path for line should render path for horizontal (default) line" name="Path Constructor path for line should render path for horizontal (default) line" time="0.004">
    </testcase>
    <testcase classname="Path Constructor path for line should render path for vertical line" name="Path Constructor path for line should render path for vertical line" time="0.001">
    </testcase>
    <testcase classname="Path Constructor path for line should render disconnected path for line with minor null value" name="Path Constructor path for line should render disconnected path for line with minor null value" time="0.001">
    </testcase>
    <testcase classname="Path Constructor path for line should render disconnected path for line with custom defined null values" name="Path Constructor path for line should render disconnected path for line with custom defined null values" time="0.001">
    </testcase>
    <testcase classname="Path Constructor path for line should render connected path for line with custom defined null values, when connect is true" name="Path Constructor path for line should render connected path for line with custom defined null values, when connect is true" time="0.001">
    </testcase>
    <testcase classname="Path Constructor path for line should render disconnected path for disconnected lines with unordered domain" name="Path Constructor path for line should render disconnected path for disconnected lines with unordered domain" time="0.001">
    </testcase>
    <testcase classname="Path Constructor path for line should render disconnected path for disconnected lines with unordered domain based on major data" name="Path Constructor path for line should render disconnected path for disconnected lines with unordered domain based on major data" time="0.001">
    </testcase>
    <testcase classname="Path Constructor path for line should render close path for area with default minor 0" name="Path Constructor path for line should render close path for area with default minor 0" time="0">
    </testcase>
    <testcase classname="Path Constructor path for line should render close path for area with explicit minor0" name="Path Constructor path for line should render close path for area with explicit minor0" time="0.002">
    </testcase>
    <testcase classname="Path Constructor path for line should not render minor0 line when having minor0 but showMinor0 is false" name="Path Constructor path for line should not render minor0 line when having minor0 but showMinor0 is false" time="0.001">
    </testcase>
    <testcase classname="Path Collider should require data path" name="Path Collider should require data path" time="0">
    </testcase>
    <testcase classname="Path Collider should be able to disable collider" name="Path Collider should be able to disable collider" time="0">
    </testcase>
    <testcase classname="Path Collider should disable collider if path only contains a single point" name="Path Collider should disable collider if path only contains a single point" time="0">
    </testcase>
    <testcase classname="Path Collider set explicit collider" name="Path Collider set explicit collider" time="0">
    </testcase>
    <testcase classname="Path Collider deduce polygon collider from data path" name="Path Collider deduce polygon collider from data path" time="0">
    </testcase>
    <testcase classname="Path Collider deduce polyline collider from data path" name="Path Collider deduce polyline collider from data path" time="0">
    </testcase>
    <testcase classname="Path Collider deduce visual polyline collider from data path" name="Path Collider deduce visual polyline collider from data path" time="0">
    </testcase>
    <testcase classname="Path BoundingRect should handle default values" name="Path BoundingRect should handle default values" time="0.001">
    </testcase>
    <testcase classname="Path BoundingRect without transform" name="Path BoundingRect without transform" time="0">
    </testcase>
    <testcase classname="Path BoundingRect with transform" name="Path BoundingRect with transform" time="0">
    </testcase>
    <testcase classname="Path BoundingRect with close command" name="Path BoundingRect with close command" time="0">
    </testcase>
    <testcase classname="Path BoundingRect with lineTo delta command" name="Path BoundingRect with lineTo delta command" time="0.001">
    </testcase>
    <testcase classname="Path BoundingRect with moveTo delta command" name="Path BoundingRect with moveTo delta command" time="0">
    </testcase>
    <testcase classname="Path BoundingRect should use cached path to points" name="Path BoundingRect should use cached path to points" time="0">
    </testcase>
    <testcase classname="Path BoundingRect should handle unknown commands" name="Path BoundingRect should handle unknown commands" time="0">
    </testcase>
    <testcase classname="Path BoundingRect should ignore bogus commands" name="Path BoundingRect should ignore bogus commands" time="0">
    </testcase>
    <testcase classname="Path BoundingRect should handle decimal characters" name="Path BoundingRect should handle decimal characters" time="0">
    </testcase>
    <testcase classname="Path Bounds should handle default values" name="Path Bounds should handle default values" time="0">
    </testcase>
    <testcase classname="Path Bounds without transform" name="Path Bounds without transform" time="0">
    </testcase>
    <testcase classname="Path Bounds with transform" name="Path Bounds with transform" time="0">
    </testcase>
    <testcase classname="Path Bounds with close command" name="Path Bounds with close command" time="0.001">
    </testcase>
    <testcase classname="Path Bounds with lineTo delta command" name="Path Bounds with lineTo delta command" time="0">
    </testcase>
    <testcase classname="Path Bounds with moveTo delta command" name="Path Bounds with moveTo delta command" time="0">
    </testcase>
  </testsuite>
  <testsuite name="Legend Sequential" errors="0" failures="0" skipped="0" timestamp="2024-11-14T11:48:25" time="1.341" tests="13">
    <testcase classname="Legend Sequential defaults" name="Legend Sequential defaults" time="0.014">
    </testcase>
    <testcase classname="Legend Sequential should support titles from scales" name="Legend Sequential should support titles from scales" time="0.001">
    </testcase>
    <testcase classname="Legend Sequential preferredSize should request to be hidden if tick labels are vertically overlapping" name="Legend Sequential preferredSize should request to be hidden if tick labels are vertically overlapping" time="0.002">
    </testcase>
    <testcase classname="Legend Sequential preferredSize should request to be hidden if tick labels are horizontallay overlapping" name="Legend Sequential preferredSize should request to be hidden if tick labels are horizontallay overlapping" time="0.001">
    </testcase>
    <testcase classname="Legend Sequential Vertical layout should anchor ticks to the right" name="Legend Sequential Vertical layout should anchor ticks to the right" time="0.001">
    </testcase>
    <testcase classname="Legend Sequential Vertical layout should anchor ticks to the left" name="Legend Sequential Vertical layout should anchor ticks to the left" time="0.002">
    </testcase>
    <testcase classname="Legend Sequential Vertical layout should not render title node" name="Legend Sequential Vertical layout should not render title node" time="0.001">
    </testcase>
    <testcase classname="Legend Sequential Vertical layout should support an inverted fill scale" name="Legend Sequential Vertical layout should support an inverted fill scale" time="0.001">
    </testcase>
    <testcase classname="Legend Sequential Horizontal layout should anchor ticks on the top" name="Legend Sequential Horizontal layout should anchor ticks on the top" time="0.001">
    </testcase>
    <testcase classname="Legend Sequential Horizontal layout should anchor ticks on the bottom" name="Legend Sequential Horizontal layout should anchor ticks on the bottom" time="0.001">
    </testcase>
    <testcase classname="Legend Sequential Horizontal layout should anchor title to the right" name="Legend Sequential Horizontal layout should anchor title to the right" time="0.002">
    </testcase>
    <testcase classname="Legend Sequential Horizontal layout should not render title" name="Legend Sequential Horizontal layout should not render title" time="0.001">
    </testcase>
    <testcase classname="Legend Sequential Horizontal layout should support an inverted fill scale" name="Legend Sequential Horizontal layout should support an inverted fill scale" time="0">
    </testcase>
  </testsuite>
  <testsuite name="Text component" errors="0" failures="0" skipped="0" timestamp="2024-11-14T11:48:25" time="1.347" tests="45">
    <testcase classname="Text component Dock Left Anchor default" name="Text component Dock Left Anchor default" time="0.01">
    </testcase>
    <testcase classname="Text component Dock Left Anchor center" name="Text component Dock Left Anchor center" time="0.001">
    </testcase>
    <testcase classname="Text component Dock Left Anchor top" name="Text component Dock Left Anchor top" time="0.001">
    </testcase>
    <testcase classname="Text component Dock Left Anchor bottom" name="Text component Dock Left Anchor bottom" time="0.001">
    </testcase>
    <testcase classname="Text component Dock Left Padding start" name="Text component Dock Left Padding start" time="0.001">
    </testcase>
    <testcase classname="Text component Dock Left Padding end" name="Text component Dock Left Padding end" time="0">
    </testcase>
    <testcase classname="Text component Dock Right Anchor default" name="Text component Dock Right Anchor default" time="0.001">
    </testcase>
    <testcase classname="Text component Dock Right Anchor center" name="Text component Dock Right Anchor center" time="0.001">
    </testcase>
    <testcase classname="Text component Dock Right Anchor top" name="Text component Dock Right Anchor top" time="0.001">
    </testcase>
    <testcase classname="Text component Dock Right Anchor bottom" name="Text component Dock Right Anchor bottom" time="0.001">
    </testcase>
    <testcase classname="Text component Dock Right Padding start" name="Text component Dock Right Padding start" time="0.001">
    </testcase>
    <testcase classname="Text component Dock Right Padding end" name="Text component Dock Right Padding end" time="0">
    </testcase>
    <testcase classname="Text component Dock Top Anchor default" name="Text component Dock Top Anchor default" time="0.001">
    </testcase>
    <testcase classname="Text component Dock Top Anchor center" name="Text component Dock Top Anchor center" time="0.001">
    </testcase>
    <testcase classname="Text component Dock Top Anchor left" name="Text component Dock Top Anchor left" time="0">
    </testcase>
    <testcase classname="Text component Dock Top Anchor right" name="Text component Dock Top Anchor right" time="0.001">
    </testcase>
    <testcase classname="Text component Dock Top Padding start" name="Text component Dock Top Padding start" time="0">
    </testcase>
    <testcase classname="Text component Dock Top Padding end" name="Text component Dock Top Padding end" time="0.001">
    </testcase>
    <testcase classname="Text component Dock Top Padding left" name="Text component Dock Top Padding left" time="0">
    </testcase>
    <testcase classname="Text component Dock Top Padding right" name="Text component Dock Top Padding right" time="0.001">
    </testcase>
    <testcase classname="Text component Dock Bottom Anchor default" name="Text component Dock Bottom Anchor default" time="0">
    </testcase>
    <testcase classname="Text component Dock Bottom Anchor center" name="Text component Dock Bottom Anchor center" time="0.001">
    </testcase>
    <testcase classname="Text component Dock Bottom Anchor left" name="Text component Dock Bottom Anchor left" time="0.001">
    </testcase>
    <testcase classname="Text component Dock Bottom Anchor right" name="Text component Dock Bottom Anchor right" time="0.001">
    </testcase>
    <testcase classname="Text component Dock Bottom Padding start" name="Text component Dock Bottom Padding start" time="0.001">
    </testcase>
    <testcase classname="Text component Dock Bottom Padding end" name="Text component Dock Bottom Padding end" time="0">
    </testcase>
    <testcase classname="Text component Dock Bottom Padding left" name="Text component Dock Bottom Padding left" time="0.001">
    </testcase>
    <testcase classname="Text component Dock Bottom Padding right" name="Text component Dock Bottom Padding right" time="0">
    </testcase>
    <testcase classname="Text component Settings maxLengthPx" name="Text component Settings maxLengthPx" time="0.001">
    </testcase>
    <testcase classname="Text component Settings maxLengthPx should default to 80% of height" name="Text component Settings maxLengthPx should default to 80% of height" time="0">
    </testcase>
    <testcase classname="Text component Settings maxLengthPx should default to 80% of width" name="Text component Settings maxLengthPx should default to 80% of width" time="0.001">
    </testcase>
    <testcase classname="Text component Settings join character" name="Text component Settings join character" time="0">
    </testcase>
    <testcase classname="Text component Settings join as empty string" name="Text component Settings join as empty string" time="0.001">
    </testcase>
    <testcase classname="Text component Lifecycle Update should update dock" name="Text component Lifecycle Update should update dock" time="0.001">
    </testcase>
    <testcase classname="Text component Lifecycle Update should update source" name="Text component Lifecycle Update should update source" time="0">
    </testcase>
    <testcase classname="Text component Lifecycle Update should update settings maxLengthPx" name="Text component Lifecycle Update should update settings maxLengthPx" time="0.001">
    </testcase>
    <testcase classname="Text component Lifecycle Update should update settings style" name="Text component Lifecycle Update should update settings style" time="0">
    </testcase>
    <testcase classname="Text component Lifecycle Update should update settings anchor" name="Text component Lifecycle Update should update settings anchor" time="0.001">
    </testcase>
    <testcase classname="Text component preferredSize should return same size for all dock areas" name="Text component preferredSize should return same size for all dock areas" time="0.001">
    </testcase>
    <testcase classname="Text component preferredSize should be affected by padding start" name="Text component preferredSize should be affected by padding start" time="0">
    </testcase>
    <testcase classname="Text component preferredSize should be affected by padding end" name="Text component preferredSize should be affected by padding end" time="0.001">
    </testcase>
    <testcase classname="Text component Source string" name="Text component Source string" time="0">
    </testcase>
    <testcase classname="Text component Source function" name="Text component Source function" time="0.001">
    </testcase>
    <testcase classname="Text component Source scale by reference" name="Text component Source scale by reference" time="0">
    </testcase>
    <testcase classname="Text component Source scale by reference with multiple sources" name="Text component Source scale by reference with multiple sources" time="0.001">
    </testcase>
  </testsuite>
  <testsuite name="Axis" errors="0" failures="0" skipped="0" timestamp="2024-11-14T11:48:25" time="1.417" tests="36">
    <testcase classname="Axis Settings maxLengthPx should limit text nodes max width in horizontal mode and docked vertically" name="Axis Settings maxLengthPx should limit text nodes max width in horizontal mode and docked vertically" time="0.011">
    </testcase>
    <testcase classname="Axis Settings maxLengthPx should limit text nodes max width in horizontal mode and docked horizontally" name="Axis Settings maxLengthPx should limit text nodes max width in horizontal mode and docked horizontally" time="0.001">
    </testcase>
    <testcase classname="Axis Settings maxLengthPx should limit text nodes max width in tilted mode" name="Axis Settings maxLengthPx should limit text nodes max width in tilted mode" time="0.001">
    </testcase>
    <testcase classname="Axis Settings maxLengthPx should limit text nodes max width in layered mode" name="Axis Settings maxLengthPx should limit text nodes max width in layered mode" time="0.001">
    </testcase>
    <testcase classname="Axis Settings minLengthPx should limit text nodes min width in horizontal mode and docked vertically" name="Axis Settings minLengthPx should limit text nodes min width in horizontal mode and docked vertically" time="0.002">
    </testcase>
    <testcase classname="Axis Settings minLengthPx should limit text nodes min width in horizontal mode and docked horizontally" name="Axis Settings minLengthPx should limit text nodes min width in horizontal mode and docked horizontally" time="0">
    </testcase>
    <testcase classname="Axis Settings minLengthPx should limit text nodes min width in tilted mode" name="Axis Settings minLengthPx should limit text nodes min width in tilted mode" time="0.001">
    </testcase>
    <testcase classname="Axis Settings minLengthPx should limit text nodes min width in layered mode" name="Axis Settings minLengthPx should limit text nodes min width in layered mode" time="0.001">
    </testcase>
    <testcase classname="Axis Settings padding paddingStart should equal padding given as number" name="Axis Settings padding paddingStart should equal padding given as number" time="0.001">
    </testcase>
    <testcase classname="Axis Settings padding paddingStart should equal default padding as fallback" name="Axis Settings padding paddingStart should equal default padding as fallback" time="0.001">
    </testcase>
    <testcase classname="Axis Settings padding paddingStart should equal padding given as func" name="Axis Settings padding paddingStart should equal padding given as func" time="0">
    </testcase>
    <testcase classname="Axis Settings padding paddingEnd should equal padding given as number" name="Axis Settings padding paddingEnd should equal padding given as number" time="0.001">
    </testcase>
    <testcase classname="Axis Settings padding paddingEnd should equal default padding as fallback" name="Axis Settings padding paddingEnd should equal default padding as fallback" time="0">
    </testcase>
    <testcase classname="Axis Settings padding paddingEnd should equal padding given as func" name="Axis Settings padding paddingEnd should equal padding given as func" time="0.001">
    </testcase>
    <testcase classname="Axis Settings Defaults should default align when docked at left" name="Axis Settings Defaults should default align when docked at left" time="0.001">
    </testcase>
    <testcase classname="Axis Settings Defaults should default align when docked at right" name="Axis Settings Defaults should default align when docked at right" time="0">
    </testcase>
    <testcase classname="Axis Settings Defaults should default align when docked at top" name="Axis Settings Defaults should default align when docked at top" time="0.001">
    </testcase>
    <testcase classname="Axis Settings Defaults should default align when docked at bottom" name="Axis Settings Defaults should default align when docked at bottom" time="0.002">
    </testcase>
    <testcase classname="Axis Lifecycle Update should handle an update where scale type changes from discrete to continuous" name="Axis Lifecycle Update should handle an update where scale type changes from discrete to continuous" time="0.002">
    </testcase>
    <testcase classname="Axis Lifecycle Update should handle an update where scale type changes from continuous to discrete" name="Axis Lifecycle Update should handle an update where scale type changes from continuous to discrete" time="0.001">
    </testcase>
    <testcase classname="Axis continuous arc axis should render arc axis" name="Axis continuous arc axis should render arc axis" time="0.001">
    </testcase>
    <testcase classname="Axis continuous arc axis should not render arc axis labels when disabled" name="Axis continuous arc axis should not render arc axis labels when disabled" time="0">
    </testcase>
    <testcase classname="Axis continuous arc axis should not render arc axis line when disabled" name="Axis continuous arc axis should not render arc axis line when disabled" time="0.001">
    </testcase>
    <testcase classname="Axis continuous should align to left" name="Axis continuous should align to left" time="0.001">
    </testcase>
    <testcase classname="Axis continuous should align to right" name="Axis continuous should align to right" time="0">
    </testcase>
    <testcase classname="Axis continuous should align to top" name="Axis continuous should align to top" time="0.001">
    </testcase>
    <testcase classname="Axis continuous should align to bottom" name="Axis continuous should align to bottom" time="0.001">
    </testcase>
    <testcase classname="Axis continuous should not render labels when disabled" name="Axis continuous should not render labels when disabled" time="0">
    </testcase>
    <testcase classname="Axis continuous should not render axis line when disabled" name="Axis continuous should not render axis line when disabled" time="0.001">
    </testcase>
    <testcase classname="Axis continuous should not render ticks when disabled" name="Axis continuous should not render ticks when disabled" time="0">
    </testcase>
    <testcase classname="Axis discrete should align to left" name="Axis discrete should align to left" time="0.001">
    </testcase>
    <testcase classname="Axis discrete should align to right" name="Axis discrete should align to right" time="0">
    </testcase>
    <testcase classname="Axis discrete should align to top" name="Axis discrete should align to top" time="0.001">
    </testcase>
    <testcase classname="Axis discrete should align to bottom" name="Axis discrete should align to bottom" time="0">
    </testcase>
    <testcase classname="Axis discrete should support layered labels for top aligned axis" name="Axis discrete should support layered labels for top aligned axis" time="0.001">
    </testcase>
    <testcase classname="Axis discrete should support layered labels for bottom aligned axis" name="Axis discrete should support layered labels for bottom aligned axis" time="0">
    </testcase>
  </testsuite>
  <testsuite name="Brush Range" errors="0" failures="0" skipped="0" timestamp="2024-11-14T11:48:25" time="1.444" tests="14">
    <testcase classname="Brush Range should renderer discrete range horizontal left edge node correctly" name="Brush Range should renderer discrete range horizontal left edge node correctly" time="0.013">
    </testcase>
    <testcase classname="Brush Range should renderer discrete range horizontal right edge node correctly" name="Brush Range should renderer discrete range horizontal right edge node correctly" time="0.001">
    </testcase>
    <testcase classname="Brush Range should renderer discrete range horizontal left bubble node correctly" name="Brush Range should renderer discrete range horizontal left bubble node correctly" time="0.002">
    </testcase>
    <testcase classname="Brush Range should renderer discrete range horizontal right bubble node correctly" name="Brush Range should renderer discrete range horizontal right bubble node correctly" time="0.001">
    </testcase>
    <testcase classname="Brush Range linear on render should return empty when not observed nor brushed from this component" name="Brush Range linear on render should return empty when not observed nor brushed from this component" time="0.002">
    </testcase>
    <testcase classname="Brush Range linear on render should return nodes from existing brush when observed" name="Brush Range linear on render should return nodes from existing brush when observed" time="0.001">
    </testcase>
    <testcase classname="Brush Range linear horizontal left edge node correctly" name="Brush Range linear horizontal left edge node correctly" time="0.001">
    </testcase>
    <testcase classname="Brush Range linear horizontal right edge node correctly" name="Brush Range linear horizontal right edge node correctly" time="0.001">
    </testcase>
    <testcase classname="Brush Range linear horizontal left bubble node correctly" name="Brush Range linear horizontal left bubble node correctly" time="0.003">
    </testcase>
    <testcase classname="Brush Range linear horizontal right bubble node correctly" name="Brush Range linear horizontal right bubble node correctly" time="0.002">
    </testcase>
    <testcase classname="Brush Range linear vertical top edge node correctly" name="Brush Range linear vertical top edge node correctly" time="0.003">
    </testcase>
    <testcase classname="Brush Range linear vertical bottom edge node correctly" name="Brush Range linear vertical bottom edge node correctly" time="0.001">
    </testcase>
    <testcase classname="Brush Range linear vertical top bubble node correctly" name="Brush Range linear vertical top bubble node correctly" time="0.001">
    </testcase>
    <testcase classname="Brush Range linear vertical bottom bubble node correctly" name="Brush Range linear vertical bottom bubble node correctly" time="0.001">
    </testcase>
  </testsuite>
  <testsuite name="Tick generators" errors="0" failures="0" skipped="0" timestamp="2024-11-14T11:48:26" time="0.556" tests="30">
    <testcase classname="Tick generators continuous tick generator formatting should output ticks in the correct format" name="Tick generators continuous tick generator formatting should output ticks in the correct format" time="0.001">
    </testcase>
    <testcase classname="Tick generators continuous tick generator by values should generate ticks by values" name="Tick generators continuous tick generator by values should generate ticks by values" time="0">
    </testcase>
    <testcase classname="Tick generators continuous tick generator by values should generate ticks from objects" name="Tick generators continuous tick generator by values should generate ticks from objects" time="0.001">
    </testcase>
    <testcase classname="Tick generators continuous tick generator by values should generate ticks from objects with isMinor property" name="Tick generators continuous tick generator by values should generate ticks from objects with isMinor property" time="0">
    </testcase>
    <testcase classname="Tick generators continuous tick generator by values should require value prop on object" name="Tick generators continuous tick generator by values should require value prop on object" time="0">
    </testcase>
    <testcase classname="Tick generators continuous tick generator by values should filter out NaN values" name="Tick generators continuous tick generator by values should filter out NaN values" time="0">
    </testcase>
    <testcase classname="Tick generators continuous tick generator by values should only generate ticks by values that are within the domain" name="Tick generators continuous tick generator by values should only generate ticks by values that are within the domain" time="0.001">
    </testcase>
    <testcase classname="Tick generators continuous tick generator by values should only generate unique ticks by values" name="Tick generators continuous tick generator by values should only generate unique ticks by values" time="0">
    </testcase>
    <testcase classname="Tick generators continuous tick generator by values should sort ticks by values" name="Tick generators continuous tick generator by values should sort ticks by values" time="0">
    </testcase>
    <testcase classname="Tick generators continuous tick generator by count should generate ticks by count" name="Tick generators continuous tick generator by count should generate ticks by count" time="0">
    </testcase>
    <testcase classname="Tick generators continuous tick generator by count should generate ticks by count with minor ticks" name="Tick generators continuous tick generator by count should generate ticks by count with minor ticks" time="0">
    </testcase>
    <testcase classname="Tick generators continuous tick generator by distance should generate ticks by distance" name="Tick generators continuous tick generator by distance should generate ticks by distance" time="0">
    </testcase>
    <testcase classname="Tick generators continuous tick generator by distance should generate tight ticks by distance" name="Tick generators continuous tick generator by distance should generate tight ticks by distance" time="0.001">
    </testcase>
    <testcase classname="Tick generators continuous tick generator by distance should generate tight ticks by a custom distance" name="Tick generators continuous tick generator by distance should generate tight ticks by a custom distance" time="0.001">
    </testcase>
    <testcase classname="Tick generators continuous tick generator by distance should generate loose ticks by a custom distance" name="Tick generators continuous tick generator by distance should generate loose ticks by a custom distance" time="0">
    </testcase>
    <testcase classname="Tick generators continuous tick generator by distance should generate ticks by distance with minor ticks" name="Tick generators continuous tick generator by distance should generate ticks by distance with minor ticks" time="0">
    </testcase>
    <testcase classname="Tick generators continuous tick generator forceBounds should be able to force ticks at bounds" name="Tick generators continuous tick generator forceBounds should be able to force ticks at bounds" time="0.001">
    </testcase>
    <testcase classname="Tick generators continuous tick generator forceBounds should be able to force ticks at bounds with minorTicks" name="Tick generators continuous tick generator forceBounds should be able to force ticks at bounds with minorTicks" time="0">
    </testcase>
    <testcase classname="Tick generators looseDistanceBasedGenerator unitDivider should use fallback divider if unitDivider is not a number" name="Tick generators looseDistanceBasedGenerator unitDivider should use fallback divider if unitDivider is not a number" time="0.001">
    </testcase>
    <testcase classname="Tick generators looseDistanceBasedGenerator unitDivider should use fallback divider if unitDivider is a negative number" name="Tick generators looseDistanceBasedGenerator unitDivider should use fallback divider if unitDivider is a negative number" time="0">
    </testcase>
    <testcase classname="Tick generators looseDistanceBasedGenerator unitDivider should use unitDivider if it is a positive number" name="Tick generators looseDistanceBasedGenerator unitDivider should use unitDivider if it is a positive number" time="0">
    </testcase>
    <testcase classname="Tick generators looseDistanceBasedGenerator unitDivider should handle unitDivider of zero" name="Tick generators looseDistanceBasedGenerator unitDivider should handle unitDivider of zero" time="0.001">
    </testcase>
    <testcase classname="Tick generators looseDistanceBasedGenerator unitDivider should handle very small number on unitDivider" name="Tick generators looseDistanceBasedGenerator unitDivider should handle very small number on unitDivider" time="0">
    </testcase>
    <testcase classname="Tick generators looseDistanceBasedGenerator distance should handle if distance is not a number" name="Tick generators looseDistanceBasedGenerator distance should handle if distance is not a number" time="0.001">
    </testcase>
    <testcase classname="Tick generators looseDistanceBasedGenerator distance should handle if distance is a negative number" name="Tick generators looseDistanceBasedGenerator distance should handle if distance is a negative number" time="0">
    </testcase>
    <testcase classname="Tick generators looseDistanceBasedGenerator distance should use distance if it is a positive number" name="Tick generators looseDistanceBasedGenerator distance should use distance if it is a positive number" time="0">
    </testcase>
    <testcase classname="Tick generators looseDistanceBasedGenerator distance should handle distance of zero" name="Tick generators looseDistanceBasedGenerator distance should handle distance of zero" time="0">
    </testcase>
    <testcase classname="Tick generators looseDistanceBasedGenerator distance should handle very small number on distance" name="Tick generators looseDistanceBasedGenerator distance should handle very small number on distance" time="0">
    </testcase>
    <testcase classname="Tick generators discrete tick generator should generate ticks by data" name="Tick generators discrete tick generator should generate ticks by data" time="0.001">
    </testcase>
    <testcase classname="Tick generators discrete tick generator should support duplicate labels by separating values and labels" name="Tick generators discrete tick generator should support duplicate labels by separating values and labels" time="0">
    </testcase>
  </testsuite>
  <testsuite name="Chart" errors="0" failures="0" skipped="0" timestamp="2024-11-14T11:48:25" time="1.457" tests="17">
    <testcase classname="Chart lifecycle methods should call lifecycle methods when rendering" name="Chart lifecycle methods should call lifecycle methods when rendering" time="0.022">
    </testcase>
    <testcase classname="Chart lifecycle methods should register event listeners when rendering" name="Chart lifecycle methods should register event listeners when rendering" time="0.001">
    </testcase>
    <testcase classname="Chart lifecycle methods should call lifecycle methods when updating" name="Chart lifecycle methods should call lifecycle methods when updating" time="0">
    </testcase>
    <testcase classname="Chart lifecycle methods should call lifecycle methods when destroying" name="Chart lifecycle methods should call lifecycle methods when destroying" time="0.001">
    </testcase>
    <testcase classname="Chart lifecycle methods should not freak out when using unregistered components" name="Chart lifecycle methods should not freak out when using unregistered components" time="0.002">
    </testcase>
    <testcase classname="Chart lifecycle methods should not update components specified in excludeFromUpdate array" name="Chart lifecycle methods should not update components specified in excludeFromUpdate array" time="0.004">
    </testcase>
    <testcase classname="Chart lifecycle methods should run proper functions on layouting components" name="Chart lifecycle methods should run proper functions on layouting components" time="0.002">
    </testcase>
    <testcase classname="Chart lifecycle methods should update components where transform should be applied" name="Chart lifecycle methods should update components where transform should be applied" time="0.002">
    </testcase>
    <testcase classname="Chart lifecycle methods should maintain displayOrder of components after initial render" name="Chart lifecycle methods should maintain displayOrder of components after initial render" time="0.002">
    </testcase>
    <testcase classname="Chart lifecycle methods should maintain displayOrder of components after update" name="Chart lifecycle methods should maintain displayOrder of components after update" time="0.005">
    </testcase>
    <testcase classname="Chart lifecycle methods brushFromShapes should brush on component, which key matches the key of the input shape" name="Chart lifecycle methods brushFromShapes should brush on component, which key matches the key of the input shape" time="0.002">
    </testcase>
    <testcase classname="Chart lifecycle methods brushFromShapes should brush on all components" name="Chart lifecycle methods brushFromShapes should brush on all components" time="0.001">
    </testcase>
    <testcase classname="Chart lifecycle methods brushFromShapes should not brush on any components" name="Chart lifecycle methods brushFromShapes should not brush on any components" time="0.001">
    </testcase>
    <testcase classname="Chart lifecycle methods storage should call createStorage with correct parameters" name="Chart lifecycle methods storage should call createStorage with correct parameters" time="0.001">
    </testcase>
    <testcase classname="Chart orderComponents should inject missing elements" name="Chart orderComponents should inject missing elements" time="0">
    </testcase>
    <testcase classname="Chart orderComponents should re-order existing elements" name="Chart orderComponents should re-order existing elements" time="0">
    </testcase>
    <testcase classname="Chart orderComponents should re-order existing elements with new order" name="Chart orderComponents should re-order existing elements with new order" time="0">
    </testcase>
  </testsuite>
  <testsuite name="Tooltip" errors="0" failures="0" skipped="0" timestamp="2024-11-14T11:48:26" time="0.403" tests="18">
    <testcase classname="Tooltip events show should do shape loookup and show tooltip" name="Tooltip events show should do shape loookup and show tooltip" time="0.003">
    </testcase>
    <testcase classname="Tooltip events show should show tooltip with provided nodes" name="Tooltip events show should show tooltip with provided nodes" time="0.002">
    </testcase>
    <testcase classname="Tooltip events show should not re-render tooltip if over same nodes" name="Tooltip events show should not re-render tooltip if over same nodes" time="0.001">
    </testcase>
    <testcase classname="Tooltip events show should not show tooltip if there are no matching nodes" name="Tooltip events show should not show tooltip if there are no matching nodes" time="0.001">
    </testcase>
    <testcase classname="Tooltip events hide should hide tooltip" name="Tooltip events hide should hide tooltip" time="0.001">
    </testcase>
    <testcase classname="Tooltip events prevent should prevent `show` from being invoked" name="Tooltip events prevent should prevent `show` from being invoked" time="0.001">
    </testcase>
    <testcase classname="Tooltip lifecycle hooks should call beforeShow" name="Tooltip lifecycle hooks should call beforeShow" time="0.001">
    </testcase>
    <testcase classname="Tooltip lifecycle hooks should call afterShow" name="Tooltip lifecycle hooks should call afterShow" time="0.002">
    </testcase>
    <testcase classname="Tooltip lifecycle hooks should call beforeHide" name="Tooltip lifecycle hooks should call beforeHide" time="0.002">
    </testcase>
    <testcase classname="Tooltip lifecycle hooks should not call beforeHide if tooltip is not displayed" name="Tooltip lifecycle hooks should not call beforeHide if tooltip is not displayed" time="0.002">
    </testcase>
    <testcase classname="Tooltip lifecycle hooks should call onHide" name="Tooltip lifecycle hooks should call onHide" time="0.002">
    </testcase>
    <testcase classname="Tooltip lifecycle hooks should not call onHide if tooltip is not displayed" name="Tooltip lifecycle hooks should not call onHide if tooltip is not displayed" time="0">
    </testcase>
    <testcase classname="Tooltip lifecycle hooks should call afterHide" name="Tooltip lifecycle hooks should call afterHide" time="0.001">
    </testcase>
    <testcase classname="Tooltip lifecycle hooks should not call afterHide if tooltip is not displayed" name="Tooltip lifecycle hooks should not call afterHide if tooltip is not displayed" time="0">
    </testcase>
    <testcase classname="Tooltip beforeUpdate should destroy dispatcher" name="Tooltip beforeUpdate should destroy dispatcher" time="0.001">
    </testcase>
    <testcase classname="Tooltip beforeUpdate should call remove on instance handler" name="Tooltip beforeUpdate should call remove on instance handler" time="0">
    </testcase>
    <testcase classname="Tooltip appendTo should apply appendTo on mounted" name="Tooltip appendTo should apply appendTo on mounted" time="0.002">
    </testcase>
    <testcase classname="Tooltip appendTo should apply appendTo on updated" name="Tooltip appendTo should apply appendTo on updated" time="0.001">
    </testcase>
  </testsuite>
  <testsuite name="Brush Area" errors="0" failures="0" skipped="0" timestamp="2024-11-14T11:48:26" time="0.391" tests="8">
    <testcase classname="Brush Area should render area indicator in component space" name="Brush Area should render area indicator in component space" time="0.002">
    </testcase>
    <testcase classname="Brush Area `end` event should clear rendered node" name="Brush Area `end` event should clear rendered node" time="0.001">
    </testcase>
    <testcase classname="Brush Area `cancel` event should end brushes" name="Brush Area `cancel` event should end brushes" time="0">
    </testcase>
    <testcase classname="Brush Area should brush in chart coordinate system" name="Brush Area should brush in chart coordinate system" time="0.001">
    </testcase>
    <testcase classname="Brush Area should require `start` event before `move` event" name="Brush Area should require `start` event before `move` event" time="0.001">
    </testcase>
    <testcase classname="Brush Area should require `start` event before `end` event" name="Brush Area should require `start` event before `end` event" time="0">
    </testcase>
    <testcase classname="Brush Area should require `start` event before `cancel` event" name="Brush Area should require `start` event before `cancel` event" time="0.001">
    </testcase>
    <testcase classname="Brush Area should require to be inside the component container on `start` event" name="Brush Area should require to be inside the component container on `start` event" time="0">
    </testcase>
  </testsuite>
  <testsuite name="scales" errors="0" failures="0" skipped="0" timestamp="2024-11-14T11:48:26" time="0.42" tests="14">
    <testcase classname="scales collection should return fallback scale when unknown config is used" name="scales collection should return fallback scale when unknown config is used" time="0">
    </testcase>
    <testcase classname="scales collection should return scale from config" name="scales collection should return scale from config" time="0.001">
    </testcase>
    <testcase classname="scales collection should return named scale from config" name="scales collection should return named scale from config" time="0">
    </testcase>
    <testcase classname="scales collection should maintain cache of create scales" name="scales collection should maintain cache of create scales" time="0">
    </testcase>
    <testcase classname="scales collection should create scale on the fly" name="scales collection should create scale on the fly" time="0">
    </testcase>
    <testcase classname="scales collection should return all scales" name="scales collection should return all scales" time="0">
    </testcase>
    <testcase classname="scales create should not throw when source options is not provided" name="scales create should not throw when source options is not provided" time="0.001">
    </testcase>
[...]
    </testcase>
    <testcase classname="colorObject getColorType should return hsl if color type is determined to be rgb" name="colorObject getColorType should return hsl if color type is determined to be rgb" time="0">
    </testcase>
  </testsuite>
  <testsuite name="data-util" errors="0" failures="0" skipped="0" timestamp="2024-11-14T11:48:29" time="0.228" tests="9">
    <testcase classname="data-util config-normalizer should attach default accessors from field" name="data-util config-normalizer should attach default accessors from field" time="0">
    </testcase>
    <testcase classname="data-util config-normalizer should attach custom accessors" name="data-util config-normalizer should attach custom accessors" time="0.001">
    </testcase>
    <testcase classname="data-util config-normalizer should support fields array" name="data-util config-normalizer should support fields array" time="0">
    </testcase>
    <testcase classname="data-util config-normalizer should convert string reducer to a function" name="data-util config-normalizer should convert string reducer to a function" time="0">
    </testcase>
    <testcase classname="data-util config-normalizer should accept a filter function" name="data-util config-normalizer should accept a filter function" time="0.001">
    </testcase>
    <testcase classname="data-util config-normalizer should accept primitives and functions" name="data-util config-normalizer should accept primitives and functions" time="0">
    </testcase>
    <testcase classname="data-util collector should collect values into an array when not using value reducer" name="data-util collector should collect values into an array when not using value reducer" time="0">
    </testcase>
    <testcase classname="data-util collector should reduce value and labels" name="data-util collector should reduce value and labels" time="0">
    </testcase>
    <testcase classname="data-util collector should reduce labels using field formatter when reduceLabel is not defined" name="data-util collector should reduce labels using field formatter when reduceLabel is not defined" time="0">
    </testcase>
  </testsuite>
  <testsuite name="crispifier" errors="0" failures="0" skipped="0" timestamp="2024-11-14T11:48:29" time="0.226" tests="6">
    <testcase classname="crispifier should not modify rects with 0 stroke width" name="crispifier should not modify rects with 0 stroke width" time="0.001">
    </testcase>
    <testcase classname="crispifier should modify rects with uneven stroke width" name="crispifier should modify rects with uneven stroke width" time="0">
    </testcase>
    <testcase classname="crispifier should modify lines with uneven stroke width" name="crispifier should modify lines with uneven stroke width" time="0">
    </testcase>
    <testcase classname="crispifier should not modify lines with even stroke width" name="crispifier should not modify lines with even stroke width" time="0">
    </testcase>
    <testcase classname="crispifier should not modify non-straight lines" name="crispifier should not modify non-straight lines" time="0">
    </testcase>
    <testcase classname="crispifier should not modify rects with empty crispmap" name="crispifier should not modify rects with empty crispmap" time="0">
    </testcase>
  </testsuite>
  <testsuite name="Numeric interpolator" errors="0" failures="0" skipped="0" timestamp="2024-11-14T11:48:29" time="0.23" tests="2">
    <testcase classname="Numeric interpolator should linearly interpolate between two numbers" name="Numeric interpolator should linearly interpolate between two numbers" time="0">
    </testcase>
    <testcase classname="Numeric interpolator should extend outside given range" name="Numeric interpolator should extend outside given range" time="0">
    </testcase>
  </testsuite>
  <testsuite name="treeAccessor" errors="0" failures="0" skipped="0" timestamp="2024-11-14T11:48:29" time="0.222" tests="3">
    <testcase classname="treeAccessor should return itself when depths are same" name="treeAccessor should return itself when depths are same" time="0">
    </testcase>
    <testcase classname="treeAccessor should return ancestor when targetDepth is shallower than sourceDepth" name="treeAccessor should return ancestor when targetDepth is shallower than sourceDepth" time="0">
    </testcase>
    <testcase classname="treeAccessor should return flattened descendants when targetDepth is deeper than sourceDepth" name="treeAccessor should return flattened descendants when targetDepth is deeper than sourceDepth" time="0">
    </testcase>
  </testsuite>
  <testsuite name="minmax" errors="0" failures="0" skipped="0" timestamp="2024-11-14T11:48:29" time="0.223" tests="6">
    <testcase classname="minmax should default to [0,1]" name="minmax should default to [0,1]" time="0">
    </testcase>
    <testcase classname="minmax should use provided min value" name="minmax should use provided min value" time="0">
    </testcase>
    <testcase classname="minmax should use provided max value" name="minmax should use provided max value" time="0">
    </testcase>
    <testcase classname="minmax should calculate min from object array" name="minmax should calculate min from object array" time="0">
    </testcase>
    <testcase classname="minmax should calculate max from object array" name="minmax should calculate max from object array" time="0">
    </testcase>
    <testcase classname="minmax should handle NaN values in object array" name="minmax should handle NaN values in object array" time="0">
    </testcase>
  </testsuite>
  <testsuite name="range-collection" errors="0" failures="0" skipped="0" timestamp="2024-11-14T11:48:29" time="0.218" tests="22">
    <testcase classname="range-collection api should be a factory function" name="range-collection api should be a factory function" time="0.001">
    </testcase>
    <testcase classname="range-collection api instance should be a function" name="range-collection api instance should be a function" time="0">
    </testcase>
    <testcase classname="range-collection add should handle a simple range" name="range-collection add should handle a simple range" time="0">
    </testcase>
    <testcase classname="range-collection add should handle multiple ranges" name="range-collection add should handle multiple ranges" time="0">
    </testcase>
    <testcase classname="range-collection add should handle multiple overlapping ranges" name="range-collection add should handle multiple overlapping ranges" time="0">
    </testcase>
    <testcase classname="range-collection add should return true when collection changes" name="range-collection add should return true when collection changes" time="0">
    </testcase>
    <testcase classname="range-collection add should return false when collection does not change" name="range-collection add should return false when collection does not change" time="0">
    </testcase>
    <testcase classname="range-collection remove should break a continuous range into multiple" name="range-collection remove should break a continuous range into multiple" time="0">
    </testcase>
    <testcase classname="range-collection remove should change the span of the range collection" name="range-collection remove should change the span of the range collection" time="0">
    </testcase>
    <testcase classname="range-collection remove should return true when collection changes" name="range-collection remove should return true when collection changes" time="0">
    </testcase>
    <testcase classname="range-collection remove should return false when collection does not change" name="range-collection remove should return false when collection does not change" time="0">
    </testcase>
    <testcase classname="range-collection clear should clear all ranges" name="range-collection clear should clear all ranges" time="0">
    </testcase>
    <testcase classname="range-collection clear should return false when collection does not change" name="range-collection clear should return false when collection does not change" time="0">
    </testcase>
    <testcase classname="range-collection clear should return true when collection changes" name="range-collection clear should return true when collection changes" time="0">
    </testcase>
    <testcase classname="range-collection containsValue should return false for values outside the range" name="range-collection containsValue should return false for values outside the range" time="0">
    </testcase>
    <testcase classname="range-collection containsValue should return true for values inside a range" name="range-collection containsValue should return true for values inside a range" time="0">
    </testcase>
    <testcase classname="range-collection containsValue should be able to configure if min/max should be included" name="range-collection containsValue should be able to configure if min/max should be included" time="0">
    </testcase>
    <testcase classname="range-collection containsRange should return true for range inside the collection" name="range-collection containsRange should return true for range inside the collection" time="0">
    </testcase>
    <testcase classname="range-collection containsRange should return false for range inside and outside the collection" name="range-collection containsRange should return false for range inside and outside the collection" time="0">
    </testcase>
    <testcase classname="range-collection containsRange should return false for range outside the collection" name="range-collection containsRange should return false for range outside the collection" time="0">
    </testcase>
    <testcase classname="range-collection toggle should add to existing range" name="range-collection toggle should add to existing range" time="0.001">
    </testcase>
    <testcase classname="range-collection toggle should remove from existing range" name="range-collection toggle should remove from existing range" time="0">
    </testcase>
  </testsuite>
  <testsuite name="Intersection" errors="0" failures="0" skipped="0" timestamp="2024-11-14T11:48:29" time="0.217" tests="5">
    <testcase classname="Intersection rectContainsRect should fit inside parent rect" name="Intersection rectContainsRect should fit inside parent rect" time="0">
    </testcase>
    <testcase classname="Intersection rectContainsRect should be outside parent rect" name="Intersection rectContainsRect should be outside parent rect" time="0">
    </testcase>
    <testcase classname="Intersection rectContainsRect should not because childRects width is bigger than parentRect" name="Intersection rectContainsRect should not because childRects width is bigger than parentRect" time="0">
    </testcase>
    <testcase classname="Intersection rectContainsRect should not because childRects height is bigger than parentRect" name="Intersection rectContainsRect should not because childRects height is bigger than parentRect" time="0">
    </testcase>
    <testcase classname="Intersection rectContainsRect should not because childRects height and width is bigger than parentRect" name="Intersection rectContainsRect should not because childRects height and width is bigger than parentRect" time="0">
    </testcase>
  </testsuite>
  <testsuite name="Baseline polyfill" errors="0" failures="0" skipped="0" timestamp="2024-11-14T11:48:29" time="0.206" tests="13">
    <testcase classname="Baseline polyfill should handle undefined font-size" name="Baseline polyfill should handle undefined font-size" time="0">
    </testcase>
    <testcase classname="Baseline polyfill should handle font-size as number" name="Baseline polyfill should handle font-size as number" time="0.001">
    </testcase>
    <testcase classname="Baseline polyfill should support &quot;dominant-baseline&quot; attribute" name="Baseline polyfill should support &quot;dominant-baseline&quot; attribute" time="0">
    </testcase>
    <testcase classname="Baseline polyfill should handle undefined baseline" name="Baseline polyfill should handle undefined baseline" time="0">
    </testcase>
    <testcase classname="Baseline polyfill should scale linearly with font-fize" name="Baseline polyfill should scale linearly with font-fize" time="0">
    </testcase>
    <testcase classname="Baseline polyfill should support &quot;alphabetical&quot; baseline" name="Baseline polyfill should support &quot;alphabetical&quot; baseline" time="0">
    </testcase>
    <testcase classname="Baseline polyfill should support &quot;ideographic&quot; baseline" name="Baseline polyfill should support &quot;ideographic&quot; baseline" time="0">
    </testcase>
    <testcase classname="Baseline polyfill should support &quot;hanging&quot; baseline" name="Baseline polyfill should support &quot;hanging&quot; baseline" time="0">
    </testcase>
    <testcase classname="Baseline polyfill should support &quot;middle&quot; baseline" name="Baseline polyfill should support &quot;middle&quot; baseline" time="0">
    </testcase>
    <testcase classname="Baseline polyfill should support &quot;central&quot; baseline" name="Baseline polyfill should support &quot;central&quot; baseline" time="0">
    </testcase>
    <testcase classname="Baseline polyfill should support &quot;mathemetical&quot; baseline" name="Baseline polyfill should support &quot;mathemetical&quot; baseline" time="0">
    </testcase>
    <testcase classname="Baseline polyfill should support &quot;text-before-edge&quot; baseline" name="Baseline polyfill should support &quot;text-before-edge&quot; baseline" time="0">
    </testcase>
    <testcase classname="Baseline polyfill should support &quot;text-after-edge&quot; baseline" name="Baseline polyfill should support &quot;text-after-edge&quot; baseline" time="0">
    </testcase>
  </testsuite>
  <testsuite name="Instance handler" errors="0" failures="0" skipped="0" timestamp="2024-11-14T11:48:29" time="0.205" tests="3">
    <testcase classname="Instance handler setActive" name="Instance handler setActive" time="0">
    </testcase>
    <testcase classname="Instance handler removeActive" name="Instance handler removeActive" time="0">
    </testcase>
    <testcase classname="Instance handler cancelActive" name="Instance handler cancelActive" time="0.001">
    </testcase>
  </testsuite>
  <testsuite name="canvasBuffer" errors="0" failures="0" skipped="0" timestamp="2024-11-14T11:48:29" time="0.178" tests="4">
    <testcase classname="canvasBuffer should clone element" name="canvasBuffer should clone element" time="0">
    </testcase>
    <testcase classname="canvasBuffer updateSize should set default buffer size if not provided" name="canvasBuffer updateSize should set default buffer size if not provided" time="0.001">
    </testcase>
    <testcase classname="canvasBuffer updateSize should set provided canvasBufferSize" name="canvasBuffer updateSize should set provided canvasBufferSize" time="0">
    </testcase>
    <testcase classname="canvasBuffer apply should draw bufferCanvas on targetCanvas" name="canvasBuffer apply should draw bufferCanvas on targetCanvas" time="0">
    </testcase>
  </testsuite>
  <testsuite name="value-collection" errors="0" failures="0" skipped="0" timestamp="2024-11-14T11:48:29" time="0.173" tests="12">
    <testcase classname="value-collection api should be a factory function" name="value-collection api should be a factory function" time="0">
    </testcase>
    <testcase classname="value-collection add should return true when successfully adding a value" name="value-collection add should return true when successfully adding a value" time="0">
    </testcase>
    <testcase classname="value-collection add should return false when adding new value fails" name="value-collection add should return false when adding new value fails" time="0">
    </testcase>
    <testcase classname="value-collection add should not add duplicate values" name="value-collection add should not add duplicate values" time="0">
    </testcase>
    <testcase classname="value-collection remove should return true when succssfully remove an existing value" name="value-collection remove should return true when succssfully remove an existing value" time="0">
    </testcase>
    <testcase classname="value-collection remove should return false when attempting to remove a non-existing value" name="value-collection remove should return false when attempting to remove a non-existing value" time="0">
    </testcase>
    <testcase classname="value-collection remove should remove values" name="value-collection remove should remove values" time="0">
    </testcase>
    <testcase classname="value-collection contains should contain a false boolean" name="value-collection contains should contain a false boolean" time="0">
    </testcase>
    <testcase classname="value-collection contains should contain number 3" name="value-collection contains should contain number 3" time="0">
    </testcase>
    <testcase classname="value-collection contains should contain string Foo" name="value-collection contains should contain string Foo" time="0">
    </testcase>
    <testcase classname="value-collection contains should return false when checking for a non-existing vale" name="value-collection contains should return false when checking for a non-existing vale" time="0">
    </testcase>
    <testcase classname="value-collection should clear values" name="value-collection should clear values" time="0">
    </testcase>
  </testsuite>
  <testsuite name="box math" errors="0" failures="0" skipped="0" timestamp="2024-11-14T11:48:29" time="0.147" tests="2">
    <testcase classname="box math cap should cap numbers correctly" name="box math cap should cap numbers correctly" time="0">
    </testcase>
    <testcase classname="box math resolveDiff should calculate right diff between two normalized values" name="box math resolveDiff should calculate right diff between two normalized values" time="0.001">
    </testcase>
  </testsuite>
  <testsuite name="Registry" errors="0" failures="0" skipped="0" timestamp="2024-11-14T11:48:29" time="0.143" tests="4">
    <testcase classname="Registry add should register a key" name="Registry add should register a key" time="0.001">
    </testcase>
    <testcase classname="Registry add should throw error if key is invalid" name="Registry add should throw error if key is invalid" time="0">
    </testcase>
    <testcase classname="Registry add should not register if key is taken" name="Registry add should not register if key is taken" time="0">
    </testcase>
    <testcase classname="Registry add should warn if key does not exist" name="Registry add should warn if key does not exist" time="0">
    </testcase>
  </testsuite>
  <testsuite name="minmax" errors="0" failures="0" skipped="0" timestamp="2024-11-14T11:48:29" time="0.138" tests="2">
    <testcase classname="minmax angleToPoints should respond with correct values" name="minmax angleToPoints should respond with correct values" time="0">
    </testcase>
    <testcase classname="minmax degreesToPoints should respond with correct values" name="minmax degreesToPoints should respond with correct values" time="0">
    </testcase>
  </testsuite>
  <testsuite name="gradient-support" errors="0" failures="0" skipped="0" timestamp="2024-11-14T11:48:29" time="0.133" tests="1">
    <testcase classname="gradient-support hashObject should be consistent in hashing" name="gradient-support hashObject should be consistent in hashing" time="0">
    </testcase>
  </testsuite>
  <testsuite name="class string" errors="0" failures="0" skipped="0" timestamp="2024-11-14T11:48:29" time="0.13" tests="1">
    <testcase classname="class string return a space separated string with object keys" name="class string return a space separated string with object keys" time="0">
    </testcase>
  </testsuite>
</testsuites>